2025-05-09 00:50:49,046 - INFO - 数据库表创建成功
2025-05-09 00:50:49,046 - INFO - 数据库连接成功: c:\Users\franc\Projects\ArchiMgr\src\models\database\archimgr.db
2025-05-09 00:50:49,059 - DEBUG - 添加一级分类映射: 履历材料 -> 1
2025-05-09 00:50:49,059 - DEBUG - 添加一级分类映射: 自传材料 -> 2
2025-05-09 00:50:49,059 - DEBUG - 添加一级分类映射: 鉴定、考核材料 -> 3
2025-05-09 00:50:49,059 - DEBUG - 添加一级分类映射: 学历学位、职称、学术、培训等材料 -> 4
2025-05-09 00:50:49,059 - DEBUG - 添加一级分类映射: 政审材料 -> 5
2025-05-09 00:50:49,059 - DEBUG - 添加一级分类映射: 党团材料 -> 6
2025-05-09 00:50:49,059 - DEBUG - 添加一级分类映射: 奖励材料 -> 7
2025-05-09 00:50:49,059 - DEBUG - 添加一级分类映射: 处分材料 -> 8
2025-05-09 00:50:49,059 - DEBUG - 添加一级分类映射: 工资、任免、出国、会议等材料 -> 9
2025-05-09 00:50:49,059 - DEBUG - 添加一级分类映射: 其他材料 -> 10
2025-05-09 00:50:49,059 - DEBUG - 完整的分类映射字典:
2025-05-09 00:50:49,059 - DEBUG -   一级分类: 履历材料 = 1
2025-05-09 00:50:49,059 - DEBUG -   一级分类: 自传材料 = 2
2025-05-09 00:50:49,059 - DEBUG -   一级分类: 鉴定、考核材料 = 3
2025-05-09 00:50:49,059 - DEBUG -   一级分类: 学历学位、职称、学术、培训等材料 = 4
2025-05-09 00:50:49,059 - DEBUG -   一级分类: 政审材料 = 5
2025-05-09 00:50:49,059 - DEBUG -   一级分类: 党团材料 = 6
2025-05-09 00:50:49,059 - DEBUG -   一级分类: 奖励材料 = 7
2025-05-09 00:50:49,059 - DEBUG -   一级分类: 处分材料 = 8
2025-05-09 00:50:49,059 - DEBUG -   一级分类: 工资、任免、出国、会议等材料 = 9
2025-05-09 00:50:49,059 - DEBUG -   一级分类: 其他材料 = 10
2025-05-09 00:50:49,059 - DEBUG - 添加一级分类映射: 履历材料 -> 1
2025-05-09 00:50:49,059 - DEBUG - 添加一级分类映射: 自传材料 -> 2
2025-05-09 00:50:49,059 - DEBUG - 添加一级分类映射: 鉴定、考核材料 -> 3
2025-05-09 00:50:49,059 - DEBUG - 添加一级分类映射: 学历学位、职称、学术、培训等材料 -> 4
2025-05-09 00:50:49,059 - DEBUG - 添加一级分类映射: 政审材料 -> 5
2025-05-09 00:50:49,059 - DEBUG - 添加一级分类映射: 党团材料 -> 6
2025-05-09 00:50:49,059 - DEBUG - 添加一级分类映射: 奖励材料 -> 7
2025-05-09 00:50:49,059 - DEBUG - 添加一级分类映射: 处分材料 -> 8
2025-05-09 00:50:49,059 - DEBUG - 添加一级分类映射: 工资、任免、出国、会议等材料 -> 9
2025-05-09 00:50:49,059 - DEBUG - 添加一级分类映射: 其他材料 -> 10
2025-05-09 00:50:49,059 - DEBUG - 完整的分类映射字典:
2025-05-09 00:50:49,059 - DEBUG -   一级分类: 履历材料 = 1
2025-05-09 00:50:49,059 - DEBUG -   一级分类: 自传材料 = 2
2025-05-09 00:50:49,059 - DEBUG -   一级分类: 鉴定、考核材料 = 3
2025-05-09 00:50:49,059 - DEBUG -   一级分类: 学历学位、职称、学术、培训等材料 = 4
2025-05-09 00:50:49,059 - DEBUG -   一级分类: 政审材料 = 5
2025-05-09 00:50:49,059 - DEBUG -   一级分类: 党团材料 = 6
2025-05-09 00:50:49,059 - DEBUG -   一级分类: 奖励材料 = 7
2025-05-09 00:50:49,059 - DEBUG -   一级分类: 处分材料 = 8
2025-05-09 00:50:49,059 - DEBUG -   一级分类: 工资、任免、出国、会议等材料 = 9
2025-05-09 00:50:49,059 - DEBUG -   一级分类: 其他材料 = 10
2025-05-09 00:50:49,059 - INFO - 从数据库加载了 18 条分类记录
2025-05-09 00:50:49,069 - INFO - 从数据库加载了 238 条文件记录
2025-05-09 00:50:53,532 - DEBUG - 要更新的文件列表数量: 238
2025-05-09 00:50:53,532 - DEBUG - 原始文件列表: [('02870101张三.xlsx', 'C:\\ly\\sourcestride\\档案数字化\\02870101张三\\02870101张三\\02870101张三.xlsx'), ('1-1-1.jpg', 'C:\\ly\\sourcestride\\档案数字化\\02870101张三\\02870101张三\\1-1\\1-1-1.jpg'), ('1-1-2.jpg', 'C:\\ly\\sourcestride\\档案数字化\\02870101张三\\02870101张三\\1-1\\1-1-2.jpg'), ('1-1-3.jpg', 'C:\\ly\\sourcestride\\档案数字化\\02870101张三\\02870101张三\\1-1\\1-1-3.jpg'), ('1-1-4.jpg', 'C:\\ly\\sourcestride\\档案数字化\\02870101张三\\02870101张三\\1-1\\1-1-4.jpg')]
2025-05-09 00:50:53,532 - DEBUG - 筛选后的PDF文件数量: 13
2025-05-09 00:50:53,532 - DEBUG - 处理文件: 1-1.pdf, 提取分类编码: 1
2025-05-09 00:50:53,532 - DEBUG - 处理文件: 1-2.pdf, 提取分类编码: 1
2025-05-09 00:50:53,532 - DEBUG - 处理文件: 1-3.pdf, 提取分类编码: 1
2025-05-09 00:50:53,532 - DEBUG - 处理文件: 10-1.pdf, 提取分类编码: 10
2025-05-09 00:50:53,532 - DEBUG - 处理文件: 2-1.pdf, 提取分类编码: 2
2025-05-09 00:50:53,532 - DEBUG - 处理文件: 3-1.pdf, 提取分类编码: 3
2025-05-09 00:50:53,532 - DEBUG - 处理文件: 4-1-1.pdf, 提取分类编码: 4-1
2025-05-09 00:50:53,532 - DEBUG - 处理文件: 4-2-1.pdf, 提取分类编码: 4-2
2025-05-09 00:50:53,532 - DEBUG - 处理文件: 5-1.pdf, 提取分类编码: 5
2025-05-09 00:50:53,532 - DEBUG - 处理文件: 6-1.pdf, 提取分类编码: 6
2025-05-09 00:50:53,532 - DEBUG - 处理文件: 7-1.pdf, 提取分类编码: 7
2025-05-09 00:50:53,532 - DEBUG - 处理文件: 9-1-1.pdf, 提取分类编码: 9-1
2025-05-09 00:50:53,532 - DEBUG - 处理文件: 9-2-1.pdf, 提取分类编码: 9-2
2025-05-09 00:50:53,532 - INFO - 显示所有文件, 数量: 238
2025-05-09 00:50:56,753 - DEBUG - 一级分类选择: 学历学位、职称、学术、培训等材料
2025-05-09 00:50:56,753 - DEBUG - 一级分类编码: 4
2025-05-09 00:50:56,753 - INFO - 一级分类有子分类，不显示文件
2025-05-09 00:50:57,431 - DEBUG - 二级分类选择: 学历学位、职称、学术、培训等材料 -> 学历学位材料
2025-05-09 00:50:57,431 - DEBUG - 二级分类编码: None
2025-05-09 00:50:57,431 - WARNING - 未找到分类编码: ('学历学位、职称、学术、培训等材料', '学历学位材料')
2025-05-09 00:50:58,066 - DEBUG - 二级分类选择: 学历学位、职称、学术、培训等材料 -> 专业技术职务材料
2025-05-09 00:50:58,066 - DEBUG - 二级分类编码: None
2025-05-09 00:50:58,066 - WARNING - 未找到分类编码: ('学历学位、职称、学术、培训等材料', '专业技术职务材料')
2025-05-09 00:50:59,012 - DEBUG - 二级分类选择: 学历学位、职称、学术、培训等材料 -> 学历学位材料
2025-05-09 00:50:59,012 - DEBUG - 二级分类编码: None
2025-05-09 00:50:59,012 - WARNING - 未找到分类编码: ('学历学位、职称、学术、培训等材料', '学历学位材料')
2025-05-09 00:50:59,599 - DEBUG - 一级分类选择: 鉴定、考核材料
2025-05-09 00:50:59,599 - DEBUG - 一级分类编码: 3
2025-05-09 00:50:59,599 - DEBUG - 一级分类查询: 
                            SELECT DISTINCT file_name, file_path 
                            FROM person_files 
                            WHERE (file_name LIKE ? OR file_name LIKE ?)
                            AND file_name NOT LIKE '~%'
                            AND file_name NOT LIKE '.%'
                            AND file_name LIKE '%.pdf'
                         ORDER BY file_name, 参数: ['3-%', '3.%']
2025-05-09 00:50:59,599 - DEBUG - 一级分类查询结果数量: 1
2025-05-09 00:50:59,599 - DEBUG - 第一个结果: ('3-1.pdf', 'C:\\ly\\sourcestride\\档案数字化\\02870101张三\\02870101张三\\3-1.pdf')
2025-05-09 00:50:59,599 - DEBUG - 要更新的文件列表数量: 1
2025-05-09 00:50:59,599 - DEBUG - 原始文件列表: [('3-1.pdf', 'C:\\ly\\sourcestride\\档案数字化\\02870101张三\\02870101张三\\3-1.pdf')]
2025-05-09 00:50:59,599 - DEBUG - 筛选后的PDF文件数量: 1
2025-05-09 00:50:59,599 - DEBUG - 处理文件: 3-1.pdf, 提取分类编码: 3
2025-05-09 00:50:59,599 - INFO - 一级分类查询: 3, 找到文件数量: 1
2025-05-09 00:51:00,735 - DEBUG - 一级分类选择: 学历学位、职称、学术、培训等材料
2025-05-09 00:51:00,735 - DEBUG - 一级分类编码: 4
2025-05-09 00:51:00,735 - INFO - 一级分类有子分类，不显示文件
2025-05-09 00:51:01,298 - DEBUG - 二级分类选择: 学历学位、职称、学术、培训等材料 -> 专业技术职务材料
2025-05-09 00:51:01,298 - DEBUG - 二级分类编码: None
2025-05-09 00:51:01,298 - WARNING - 未找到分类编码: ('学历学位、职称、学术、培训等材料', '专业技术职务材料')
2025-05-09 00:51:01,977 - DEBUG - 二级分类选择: 学历学位、职称、学术、培训等材料 -> 学历学位材料
2025-05-09 00:51:01,977 - DEBUG - 二级分类编码: None
2025-05-09 00:51:01,977 - WARNING - 未找到分类编码: ('学历学位、职称、学术、培训等材料', '学历学位材料')
2025-05-09 00:51:02,510 - DEBUG - 二级分类选择: 学历学位、职称、学术、培训等材料 -> 专业技术职务材料
2025-05-09 00:51:02,510 - DEBUG - 二级分类编码: None
2025-05-09 00:51:02,510 - WARNING - 未找到分类编码: ('学历学位、职称、学术、培训等材料', '专业技术职务材料')
2025-05-09 00:51:02,988 - DEBUG - 二级分类选择: 学历学位、职称、学术、培训等材料 -> 科研学术材料
2025-05-09 00:51:02,988 - DEBUG - 二级分类编码: None
2025-05-09 00:51:02,988 - WARNING - 未找到分类编码: ('学历学位、职称、学术、培训等材料', '科研学术材料')
2025-05-09 00:51:03,604 - DEBUG - 二级分类选择: 学历学位、职称、学术、培训等材料 -> 培训材料
2025-05-09 00:51:03,604 - DEBUG - 二级分类编码: None
2025-05-09 00:51:03,604 - WARNING - 未找到分类编码: ('学历学位、职称、学术、培训等材料', '培训材料')
2025-05-09 00:53:19,051 - INFO - 数据库表创建成功
2025-05-09 00:53:19,051 - INFO - 数据库连接成功: c:\Users\franc\Projects\ArchiMgr\src\models\database\archimgr.db
2025-05-09 00:53:19,068 - DEBUG - 添加一级分类映射: 履历材料 -> 1
2025-05-09 00:53:19,068 - DEBUG - 添加一级分类映射: 自传材料 -> 2
2025-05-09 00:53:19,068 - DEBUG - 添加一级分类映射: 鉴定、考核材料 -> 3
2025-05-09 00:53:19,068 - DEBUG - 添加一级分类映射: 学历学位、职称、学术、培训等材料 -> 4
2025-05-09 00:53:19,068 - DEBUG - 添加一级分类映射: 政审材料 -> 5
2025-05-09 00:53:19,068 - DEBUG - 添加一级分类映射: 党团材料 -> 6
2025-05-09 00:53:19,068 - DEBUG - 添加一级分类映射: 奖励材料 -> 7
2025-05-09 00:53:19,068 - DEBUG - 添加一级分类映射: 处分材料 -> 8
2025-05-09 00:53:19,068 - DEBUG - 添加一级分类映射: 工资、任免、出国、会议等材料 -> 9
2025-05-09 00:53:19,068 - DEBUG - 添加一级分类映射: 其他材料 -> 10
2025-05-09 00:53:19,069 - DEBUG - 完整的分类映射字典:
2025-05-09 00:53:19,069 - DEBUG -   一级分类: 履历材料 = 1
2025-05-09 00:53:19,069 - DEBUG -   一级分类: 自传材料 = 2
2025-05-09 00:53:19,069 - DEBUG -   一级分类: 鉴定、考核材料 = 3
2025-05-09 00:53:19,069 - DEBUG -   一级分类: 学历学位、职称、学术、培训等材料 = 4
2025-05-09 00:53:19,069 - DEBUG -   一级分类: 政审材料 = 5
2025-05-09 00:53:19,069 - DEBUG -   一级分类: 党团材料 = 6
2025-05-09 00:53:19,069 - DEBUG -   一级分类: 奖励材料 = 7
2025-05-09 00:53:19,069 - DEBUG -   一级分类: 处分材料 = 8
2025-05-09 00:53:19,069 - DEBUG -   一级分类: 工资、任免、出国、会议等材料 = 9
2025-05-09 00:53:19,069 - DEBUG -   一级分类: 其他材料 = 10
2025-05-09 00:53:19,073 - DEBUG - 添加一级分类映射: 履历材料 -> 1
2025-05-09 00:53:19,073 - DEBUG - 添加一级分类映射: 自传材料 -> 2
2025-05-09 00:53:19,073 - DEBUG - 添加一级分类映射: 鉴定、考核材料 -> 3
2025-05-09 00:53:19,073 - DEBUG - 添加一级分类映射: 学历学位、职称、学术、培训等材料 -> 4
2025-05-09 00:53:19,073 - DEBUG - 添加一级分类映射: 政审材料 -> 5
2025-05-09 00:53:19,073 - DEBUG - 添加一级分类映射: 党团材料 -> 6
2025-05-09 00:53:19,073 - DEBUG - 添加一级分类映射: 奖励材料 -> 7
2025-05-09 00:53:19,073 - DEBUG - 添加一级分类映射: 处分材料 -> 8
2025-05-09 00:53:19,074 - DEBUG - 添加一级分类映射: 工资、任免、出国、会议等材料 -> 9
2025-05-09 00:53:19,074 - DEBUG - 添加一级分类映射: 其他材料 -> 10
2025-05-09 00:53:19,074 - DEBUG - 完整的分类映射字典:
2025-05-09 00:53:19,074 - DEBUG -   一级分类: 履历材料 = 1
2025-05-09 00:53:19,074 - DEBUG -   一级分类: 自传材料 = 2
2025-05-09 00:53:19,074 - DEBUG -   一级分类: 鉴定、考核材料 = 3
2025-05-09 00:53:19,074 - DEBUG -   一级分类: 学历学位、职称、学术、培训等材料 = 4
2025-05-09 00:53:19,074 - DEBUG -   一级分类: 政审材料 = 5
2025-05-09 00:53:19,074 - DEBUG -   一级分类: 党团材料 = 6
2025-05-09 00:53:19,074 - DEBUG -   一级分类: 奖励材料 = 7
2025-05-09 00:53:19,074 - DEBUG -   一级分类: 处分材料 = 8
2025-05-09 00:53:19,075 - DEBUG -   一级分类: 工资、任免、出国、会议等材料 = 9
2025-05-09 00:53:19,075 - DEBUG -   一级分类: 其他材料 = 10
2025-05-09 00:53:19,075 - INFO - 从数据库加载了 18 条分类记录
2025-05-09 00:53:19,075 - INFO - 从数据库加载了 238 条文件记录
2025-05-09 00:53:21,096 - DEBUG - 一级分类选择: 学历学位、职称、学术、培训等材料
2025-05-09 00:53:21,096 - DEBUG - 一级分类编码: 4
2025-05-09 00:53:21,096 - INFO - 一级分类有子分类，不显示文件
2025-05-09 00:53:29,952 - DEBUG - 一级分类选择: 工资、任免、出国、会议等材料
2025-05-09 00:53:29,952 - DEBUG - 一级分类编码: 9
2025-05-09 00:53:29,952 - INFO - 一级分类有子分类，不显示文件
2025-05-09 00:53:30,709 - DEBUG - 一级分类选择: 工资、任免、出国、会议等材料
2025-05-09 00:53:30,709 - DEBUG - 一级分类编码: 9
2025-05-09 00:53:30,725 - INFO - 一级分类有子分类，不显示文件
